<?xml version="1.0" encoding="UTF-8"?>
<!-- Generated by org.testng.reporters.JUnitReportReporter -->
<testsuite hostname="LTVJA220190801" failures="0" tests="2" name="org.api.test.MobiquityApiTest" time="1.239" errors="0" timestamp="22 Sep 2021 14:47:57 GMT" skipped="0">
  <testcase classname="org.api.test.MobiquityApiTest" name="testUserWithUsername" time="1.122"/>
  <testcase classname="org.api.test.MobiquityApiTest" name="testPostByUser" time="0.117"/>
</testsuite> <!-- org.api.test.MobiquityApiTest -->
