<?xml version="1.0" encoding="UTF-8"?>
<!-- Generated by org.testng.reporters.JUnitReportReporter -->
<testsuite hostname="LTVJA220190801" failures="0" tests="1" name="org.api.test.MobiquityApiTest" time="1.179" errors="0" timestamp="21 Sep 2021 21:36:44 GMT" skipped="0">
  <testcase classname="org.api.test.MobiquityApiTest" name="testUserWithUsername" time="1.179"/>
</testsuite> <!-- org.api.test.MobiquityApiTest -->
