<?xml version="1.0" encoding="UTF-8"?>
<!-- Generated by org.testng.reporters.JUnitReportReporter -->
<testsuite hostname="LTVJA220190801" failures="0" tests="3" name="org.api.test.MobiquityApiTest" time="2.843" errors="0" timestamp="22 Sep 2021 18:31:17 GMT" skipped="0">
  <testcase classname="org.api.test.MobiquityApiTest" name="testUserWithUsername" time="1.225"/>
  <testcase classname="org.api.test.MobiquityApiTest" name="testPostByUser" time="0.167"/>
  <testcase classname="org.api.test.MobiquityApiTest" name="testCommentEmailFormat" time="1.451"/>
</testsuite> <!-- org.api.test.MobiquityApiTest -->
