<?xml version="1.0" encoding="UTF-8"?>
<!-- Generated by org.testng.reporters.JUnitReportReporter -->
<testsuite hostname="LTVJA220190801" failures="0" tests="3" name="org.api.test.MobiquityApiTest" time="2.622" errors="0" timestamp="22 Sep 2021 17:32:45 GMT" skipped="0">
  <testcase classname="org.api.test.MobiquityApiTest" name="testUserWithUsername" time="1.216"/>
  <testcase classname="org.api.test.MobiquityApiTest" name="testPostByUser" time="0.109"/>
  <testcase classname="org.api.test.MobiquityApiTest" name="testCommentEmailFormat" time="1.297"/>
</testsuite> <!-- org.api.test.MobiquityApiTest -->
